[2024-05-10 11:28:43,436] root - INFO - Model Recommendation Config: ModelRecommendationConfig(book_name_serialized_objects='artifacts\\serialized_objects\\book_names.pkl', book_pivot_serialized_objects='artifacts\\serialized_objects\\book_pivot.pkl', final_rating_serialized_objects='artifacts\\serialized_objects\\final_rating.pkl', trained_model_path='artifacts\\trained_model\\model.pkl')
[2024-05-10 11:28:47,515] root - INFO - Model Recommendation Config: ModelRecommendationConfig(book_name_serialized_objects='artifacts\\serialized_objects\\book_names.pkl', book_pivot_serialized_objects='artifacts\\serialized_objects\\book_pivot.pkl', final_rating_serialized_objects='artifacts\\serialized_objects\\final_rating.pkl', trained_model_path='artifacts\\trained_model\\model.pkl')
[2024-05-10 11:28:50,298] root - INFO - Model Recommendation Config: ModelRecommendationConfig(book_name_serialized_objects='artifacts\\serialized_objects\\book_names.pkl', book_pivot_serialized_objects='artifacts\\serialized_objects\\book_pivot.pkl', final_rating_serialized_objects='artifacts\\serialized_objects\\final_rating.pkl', trained_model_path='artifacts\\trained_model\\model.pkl')
[2024-05-10 11:28:50,298] root - INFO - ====================Data Ingestion log started.==================== 
[2024-05-10 11:28:50,298] root - INFO - Data Ingestion Config: DatasetConfig(dataset_download_url='https://github.com/entbappy/Branching-tutorial/raw/master/books_data.zip', raw_data_dir='artifacts\\dataset\\raw_data', ingested_dir='artifacts\\dataset\\ingested_data')
[2024-05-10 11:28:50,298] root - INFO - Data Validation Config: DataValidationConfig(clean_data_dir='artifacts\\dataset\\clean_data', books_csv_file='artifacts\\dataset\\ingested_data\\BX-Books.csv', ratings_csv_file='artifacts\\dataset\\ingested_data\\BX-Book-Ratings.csv', serialized_objects_dir='artifacts\\serialized_objects')
[2024-05-10 11:28:50,298] root - INFO - Data Transformation Config: DataTransformationConfig(clean_data_file_path='artifacts\\dataset\\clean_data\\clean_data.csv', transformed_data_dir='artifacts\\dataset\\transformed_data')
[2024-05-10 11:28:50,298] root - INFO - Data Validation Config: DataValidationConfig(clean_data_dir='artifacts\\dataset\\clean_data', books_csv_file='artifacts\\dataset\\ingested_data\\BX-Books.csv', ratings_csv_file='artifacts\\dataset\\ingested_data\\BX-Book-Ratings.csv', serialized_objects_dir='artifacts\\serialized_objects')
[2024-05-10 11:28:50,298] root - INFO - Model Trainer Config: ModelTrainerConfig(transformed_data_file_dir='artifacts\\dataset\\transformed_data\\transformed_data.pkl', trained_model_dir='artifacts\\trained_model', trained_model_name='model.pkl')
[2024-05-10 11:28:50,298] root - INFO - Downloading data from https://github.com/entbappy/Branching-tutorial/raw/master/books_data.zip into file artifacts\dataset\raw_data\books_data.zip
[2024-05-10 11:28:58,385] root - INFO - Downloaded data from https://github.com/entbappy/Branching-tutorial/raw/master/books_data.zip into file artifacts\dataset\raw_data\books_data.zip
[2024-05-10 11:28:58,914] root - INFO - Extracting zip file: artifacts\dataset\raw_data\books_data.zip into dir: artifacts\dataset\ingested_data
[2024-05-10 11:28:58,914] root - INFO - ====================Data Ingestion log completed.==================== 


[2024-05-10 11:28:58,914] root - INFO - ====================Data Validation log started.==================== 
[2024-05-10 11:31:09,766] root - INFO - Model Recommendation Config: ModelRecommendationConfig(book_name_serialized_objects='artifacts\\serialized_objects\\book_names.pkl', book_pivot_serialized_objects='artifacts\\serialized_objects\\book_pivot.pkl', final_rating_serialized_objects='artifacts\\serialized_objects\\final_rating.pkl', trained_model_path='artifacts\\trained_model\\model.pkl')
[2024-05-10 11:31:11,050] root - INFO - Model Recommendation Config: ModelRecommendationConfig(book_name_serialized_objects='artifacts\\serialized_objects\\book_names.pkl', book_pivot_serialized_objects='artifacts\\serialized_objects\\book_pivot.pkl', final_rating_serialized_objects='artifacts\\serialized_objects\\final_rating.pkl', trained_model_path='artifacts\\trained_model\\model.pkl')
[2024-05-10 11:31:11,050] root - INFO - ====================Data Ingestion log started.==================== 
[2024-05-10 11:31:11,050] root - INFO - Data Ingestion Config: DatasetConfig(dataset_download_url='https://github.com/entbappy/Branching-tutorial/raw/master/books_data.zip', raw_data_dir='artifacts\\dataset\\raw_data', ingested_dir='artifacts\\dataset\\ingested_data')
[2024-05-10 11:31:11,050] root - INFO - Data Validation Config: DataValidationConfig(clean_data_dir='artifacts\\dataset\\clean_data', books_csv_file='artifacts\\dataset\\ingested_data\\BX-Books.csv', ratings_csv_file='artifacts\\dataset\\ingested_data\\BX-Book-Ratings.csv', serialized_objects_dir='artifacts\\serialized_objects')
[2024-05-10 11:31:11,050] root - INFO - Data Transformation Config: DataTransformationConfig(clean_data_file_path='artifacts\\dataset\\clean_data\\clean_data.csv', transformed_data_dir='artifacts\\dataset\\transformed_data')
[2024-05-10 11:31:11,050] root - INFO - Data Validation Config: DataValidationConfig(clean_data_dir='artifacts\\dataset\\clean_data', books_csv_file='artifacts\\dataset\\ingested_data\\BX-Books.csv', ratings_csv_file='artifacts\\dataset\\ingested_data\\BX-Book-Ratings.csv', serialized_objects_dir='artifacts\\serialized_objects')
[2024-05-10 11:31:11,050] root - INFO - Model Trainer Config: ModelTrainerConfig(transformed_data_file_dir='artifacts\\dataset\\transformed_data\\transformed_data.pkl', trained_model_dir='artifacts\\trained_model', trained_model_name='model.pkl')
[2024-05-10 11:31:11,050] root - INFO - Downloading data from https://github.com/entbappy/Branching-tutorial/raw/master/books_data.zip into file artifacts\dataset\raw_data\books_data.zip
[2024-05-10 11:31:18,634] root - INFO - Downloaded data from https://github.com/entbappy/Branching-tutorial/raw/master/books_data.zip into file artifacts\dataset\raw_data\books_data.zip
[2024-05-10 11:31:19,187] root - INFO - Extracting zip file: artifacts\dataset\raw_data\books_data.zip into dir: artifacts\dataset\ingested_data
[2024-05-10 11:31:19,187] root - INFO - ====================Data Ingestion log completed.==================== 


[2024-05-10 11:31:19,187] root - INFO - ====================Data Validation log started.==================== 
[2024-05-10 11:31:20,988] root - INFO -  Shape of ratings data file: (1149780, 3)
[2024-05-10 11:31:20,988] root - INFO -  Shape of books data file: (271360, 8)
[2024-05-10 11:31:22,143] root - INFO -  Shape of the final clean dataset: (59850, 9)
[2024-05-10 11:31:22,475] root - INFO - Saved cleaned data to artifacts\dataset\clean_data
[2024-05-10 11:31:22,499] root - INFO - Saved final_rating serialization object to artifacts\serialized_objects
[2024-05-10 11:31:22,559] root - INFO - ====================Data Validation log completed.==================== 


[2024-05-10 11:31:22,559] root - INFO - ====================Data Transformation log started.==================== 
[2024-05-10 11:31:22,727] root - INFO -  Shape of book pivot table: (742, 888)
[2024-05-10 11:31:22,743] root - INFO - Saved pivot table data to artifacts\dataset\transformed_data
[2024-05-10 11:31:22,758] root - INFO - Saved book_names serialization object to artifacts\serialized_objects
[2024-05-10 11:31:22,758] root - INFO - Saved book_pivot serialization object to artifacts\serialized_objects
[2024-05-10 11:31:22,774] root - INFO - ====================Data Transformation log completed.==================== 


[2024-05-10 11:31:22,774] root - INFO - ====================Model Trainer log started.==================== 
[2024-05-10 11:31:22,790] root - INFO - Saving final model to artifacts\trained_model\model.pkl
[2024-05-10 11:31:22,790] root - INFO - ====================Model Trainer log completed.==================== 


[2024-05-10 11:31:22,790] root - INFO - Recommended successfully!
[2024-05-10 11:31:26,059] root - INFO - Model Recommendation Config: ModelRecommendationConfig(book_name_serialized_objects='artifacts\\serialized_objects\\book_names.pkl', book_pivot_serialized_objects='artifacts\\serialized_objects\\book_pivot.pkl', final_rating_serialized_objects='artifacts\\serialized_objects\\final_rating.pkl', trained_model_path='artifacts\\trained_model\\model.pkl')
[2024-05-10 11:31:26,834] root - INFO - Model Recommendation Config: ModelRecommendationConfig(book_name_serialized_objects='artifacts\\serialized_objects\\book_names.pkl', book_pivot_serialized_objects='artifacts\\serialized_objects\\book_pivot.pkl', final_rating_serialized_objects='artifacts\\serialized_objects\\final_rating.pkl', trained_model_path='artifacts\\trained_model\\model.pkl')
[2024-05-10 11:31:41,797] root - INFO - Model Recommendation Config: ModelRecommendationConfig(book_name_serialized_objects='artifacts\\serialized_objects\\book_names.pkl', book_pivot_serialized_objects='artifacts\\serialized_objects\\book_pivot.pkl', final_rating_serialized_objects='artifacts\\serialized_objects\\final_rating.pkl', trained_model_path='artifacts\\trained_model\\model.pkl')
[2024-05-10 11:31:45,794] root - INFO - Model Recommendation Config: ModelRecommendationConfig(book_name_serialized_objects='artifacts\\serialized_objects\\book_names.pkl', book_pivot_serialized_objects='artifacts\\serialized_objects\\book_pivot.pkl', final_rating_serialized_objects='artifacts\\serialized_objects\\final_rating.pkl', trained_model_path='artifacts\\trained_model\\model.pkl')
[2024-05-10 11:31:48,606] root - INFO - Model Recommendation Config: ModelRecommendationConfig(book_name_serialized_objects='artifacts\\serialized_objects\\book_names.pkl', book_pivot_serialized_objects='artifacts\\serialized_objects\\book_pivot.pkl', final_rating_serialized_objects='artifacts\\serialized_objects\\final_rating.pkl', trained_model_path='artifacts\\trained_model\\model.pkl')
[2024-05-10 11:31:56,061] root - INFO - Model Recommendation Config: ModelRecommendationConfig(book_name_serialized_objects='artifacts\\serialized_objects\\book_names.pkl', book_pivot_serialized_objects='artifacts\\serialized_objects\\book_pivot.pkl', final_rating_serialized_objects='artifacts\\serialized_objects\\final_rating.pkl', trained_model_path='artifacts\\trained_model\\model.pkl')
[2024-05-10 11:31:56,062] root - INFO - ====================Data Ingestion log started.==================== 
[2024-05-10 11:31:56,062] root - INFO - Data Ingestion Config: DatasetConfig(dataset_download_url='https://github.com/entbappy/Branching-tutorial/raw/master/books_data.zip', raw_data_dir='artifacts\\dataset\\raw_data', ingested_dir='artifacts\\dataset\\ingested_data')
[2024-05-10 11:31:56,062] root - INFO - Data Validation Config: DataValidationConfig(clean_data_dir='artifacts\\dataset\\clean_data', books_csv_file='artifacts\\dataset\\ingested_data\\BX-Books.csv', ratings_csv_file='artifacts\\dataset\\ingested_data\\BX-Book-Ratings.csv', serialized_objects_dir='artifacts\\serialized_objects')
[2024-05-10 11:31:56,062] root - INFO - Data Transformation Config: DataTransformationConfig(clean_data_file_path='artifacts\\dataset\\clean_data\\clean_data.csv', transformed_data_dir='artifacts\\dataset\\transformed_data')
[2024-05-10 11:31:56,062] root - INFO - Data Validation Config: DataValidationConfig(clean_data_dir='artifacts\\dataset\\clean_data', books_csv_file='artifacts\\dataset\\ingested_data\\BX-Books.csv', ratings_csv_file='artifacts\\dataset\\ingested_data\\BX-Book-Ratings.csv', serialized_objects_dir='artifacts\\serialized_objects')
[2024-05-10 11:31:56,062] root - INFO - Model Trainer Config: ModelTrainerConfig(transformed_data_file_dir='artifacts\\dataset\\transformed_data\\transformed_data.pkl', trained_model_dir='artifacts\\trained_model', trained_model_name='model.pkl')
[2024-05-10 11:31:56,063] root - INFO - Downloading data from https://github.com/entbappy/Branching-tutorial/raw/master/books_data.zip into file artifacts\dataset\raw_data\books_data.zip
[2024-05-10 11:32:07,957] root - INFO - Downloaded data from https://github.com/entbappy/Branching-tutorial/raw/master/books_data.zip into file artifacts\dataset\raw_data\books_data.zip
[2024-05-10 11:32:08,524] root - INFO - Extracting zip file: artifacts\dataset\raw_data\books_data.zip into dir: artifacts\dataset\ingested_data
[2024-05-10 11:32:08,524] root - INFO - ====================Data Ingestion log completed.==================== 


[2024-05-10 11:32:08,524] root - INFO - ====================Data Validation log started.==================== 
[2024-05-10 11:32:10,359] root - INFO -  Shape of ratings data file: (1149780, 3)
[2024-05-10 11:32:10,359] root - INFO -  Shape of books data file: (271360, 8)
[2024-05-10 11:32:11,469] root - INFO -  Shape of the final clean dataset: (59850, 9)
[2024-05-10 11:32:11,792] root - INFO - Saved cleaned data to artifacts\dataset\clean_data
[2024-05-10 11:32:11,823] root - INFO - Saved final_rating serialization object to artifacts\serialized_objects
[2024-05-10 11:32:11,886] root - INFO - ====================Data Validation log completed.==================== 


[2024-05-10 11:32:11,886] root - INFO - ====================Data Transformation log started.==================== 
[2024-05-10 11:32:12,042] root - INFO -  Shape of book pivot table: (742, 888)
[2024-05-10 11:32:12,054] root - INFO - Saved pivot table data to artifacts\dataset\transformed_data
[2024-05-10 11:32:12,069] root - INFO - Saved book_names serialization object to artifacts\serialized_objects
[2024-05-10 11:32:12,069] root - INFO - Saved book_pivot serialization object to artifacts\serialized_objects
[2024-05-10 11:32:12,085] root - INFO - ====================Data Transformation log completed.==================== 


[2024-05-10 11:32:12,085] root - INFO - ====================Model Trainer log started.==================== 
[2024-05-10 11:32:12,101] root - INFO - Saving final model to artifacts\trained_model\model.pkl
[2024-05-10 11:32:12,101] root - INFO - ====================Model Trainer log completed.==================== 


[2024-05-10 11:32:12,101] root - INFO - Recommended successfully!
[2024-05-10 11:32:13,913] root - INFO - Model Recommendation Config: ModelRecommendationConfig(book_name_serialized_objects='artifacts\\serialized_objects\\book_names.pkl', book_pivot_serialized_objects='artifacts\\serialized_objects\\book_pivot.pkl', final_rating_serialized_objects='artifacts\\serialized_objects\\final_rating.pkl', trained_model_path='artifacts\\trained_model\\model.pkl')
[2024-05-10 11:32:53,824] root - INFO - Model Recommendation Config: ModelRecommendationConfig(book_name_serialized_objects='artifacts\\serialized_objects\\book_names.pkl', book_pivot_serialized_objects='artifacts\\serialized_objects\\book_pivot.pkl', final_rating_serialized_objects='artifacts\\serialized_objects\\final_rating.pkl', trained_model_path='artifacts\\trained_model\\model.pkl')
[2024-05-10 11:32:54,453] root - INFO - Model Recommendation Config: ModelRecommendationConfig(book_name_serialized_objects='artifacts\\serialized_objects\\book_names.pkl', book_pivot_serialized_objects='artifacts\\serialized_objects\\book_pivot.pkl', final_rating_serialized_objects='artifacts\\serialized_objects\\final_rating.pkl', trained_model_path='artifacts\\trained_model\\model.pkl')
[2024-05-10 11:33:03,120] root - INFO - Model Recommendation Config: ModelRecommendationConfig(book_name_serialized_objects='artifacts\\serialized_objects\\book_names.pkl', book_pivot_serialized_objects='artifacts\\serialized_objects\\book_pivot.pkl', final_rating_serialized_objects='artifacts\\serialized_objects\\final_rating.pkl', trained_model_path='artifacts\\trained_model\\model.pkl')
[2024-05-10 11:33:03,814] root - INFO - Model Recommendation Config: ModelRecommendationConfig(book_name_serialized_objects='artifacts\\serialized_objects\\book_names.pkl', book_pivot_serialized_objects='artifacts\\serialized_objects\\book_pivot.pkl', final_rating_serialized_objects='artifacts\\serialized_objects\\final_rating.pkl', trained_model_path='artifacts\\trained_model\\model.pkl')
[2024-05-10 11:33:14,591] root - INFO - Model Recommendation Config: ModelRecommendationConfig(book_name_serialized_objects='artifacts\\serialized_objects\\book_names.pkl', book_pivot_serialized_objects='artifacts\\serialized_objects\\book_pivot.pkl', final_rating_serialized_objects='artifacts\\serialized_objects\\final_rating.pkl', trained_model_path='artifacts\\trained_model\\model.pkl')
[2024-05-10 11:33:15,174] root - INFO - Model Recommendation Config: ModelRecommendationConfig(book_name_serialized_objects='artifacts\\serialized_objects\\book_names.pkl', book_pivot_serialized_objects='artifacts\\serialized_objects\\book_pivot.pkl', final_rating_serialized_objects='artifacts\\serialized_objects\\final_rating.pkl', trained_model_path='artifacts\\trained_model\\model.pkl')
[2024-05-10 11:33:23,087] root - INFO - Model Recommendation Config: ModelRecommendationConfig(book_name_serialized_objects='artifacts\\serialized_objects\\book_names.pkl', book_pivot_serialized_objects='artifacts\\serialized_objects\\book_pivot.pkl', final_rating_serialized_objects='artifacts\\serialized_objects\\final_rating.pkl', trained_model_path='artifacts\\trained_model\\model.pkl')
[2024-05-10 11:33:23,617] root - INFO - Model Recommendation Config: ModelRecommendationConfig(book_name_serialized_objects='artifacts\\serialized_objects\\book_names.pkl', book_pivot_serialized_objects='artifacts\\serialized_objects\\book_pivot.pkl', final_rating_serialized_objects='artifacts\\serialized_objects\\final_rating.pkl', trained_model_path='artifacts\\trained_model\\model.pkl')
[2024-05-10 11:33:29,394] root - INFO - Model Recommendation Config: ModelRecommendationConfig(book_name_serialized_objects='artifacts\\serialized_objects\\book_names.pkl', book_pivot_serialized_objects='artifacts\\serialized_objects\\book_pivot.pkl', final_rating_serialized_objects='artifacts\\serialized_objects\\final_rating.pkl', trained_model_path='artifacts\\trained_model\\model.pkl')
[2024-05-10 11:33:29,394] root - INFO - ====================Data Ingestion log started.==================== 
[2024-05-10 11:33:29,394] root - INFO - Data Ingestion Config: DatasetConfig(dataset_download_url='https://github.com/entbappy/Branching-tutorial/raw/master/books_data.zip', raw_data_dir='artifacts\\dataset\\raw_data', ingested_dir='artifacts\\dataset\\ingested_data')
[2024-05-10 11:33:29,394] root - INFO - Data Validation Config: DataValidationConfig(clean_data_dir='artifacts\\dataset\\clean_data', books_csv_file='artifacts\\dataset\\ingested_data\\BX-Books.csv', ratings_csv_file='artifacts\\dataset\\ingested_data\\BX-Book-Ratings.csv', serialized_objects_dir='artifacts\\serialized_objects')
[2024-05-10 11:33:29,394] root - INFO - Data Transformation Config: DataTransformationConfig(clean_data_file_path='artifacts\\dataset\\clean_data\\clean_data.csv', transformed_data_dir='artifacts\\dataset\\transformed_data')
[2024-05-10 11:33:29,394] root - INFO - Data Validation Config: DataValidationConfig(clean_data_dir='artifacts\\dataset\\clean_data', books_csv_file='artifacts\\dataset\\ingested_data\\BX-Books.csv', ratings_csv_file='artifacts\\dataset\\ingested_data\\BX-Book-Ratings.csv', serialized_objects_dir='artifacts\\serialized_objects')
[2024-05-10 11:33:29,394] root - INFO - Model Trainer Config: ModelTrainerConfig(transformed_data_file_dir='artifacts\\dataset\\transformed_data\\transformed_data.pkl', trained_model_dir='artifacts\\trained_model', trained_model_name='model.pkl')
[2024-05-10 11:33:29,394] root - INFO - Downloading data from https://github.com/entbappy/Branching-tutorial/raw/master/books_data.zip into file artifacts\dataset\raw_data\books_data.zip
[2024-05-10 11:33:36,205] root - INFO - Downloaded data from https://github.com/entbappy/Branching-tutorial/raw/master/books_data.zip into file artifacts\dataset\raw_data\books_data.zip
[2024-05-10 11:33:36,742] root - INFO - Extracting zip file: artifacts\dataset\raw_data\books_data.zip into dir: artifacts\dataset\ingested_data
[2024-05-10 11:33:36,742] root - INFO - ====================Data Ingestion log completed.==================== 


[2024-05-10 11:33:36,742] root - INFO - ====================Data Validation log started.==================== 
[2024-05-10 11:33:38,527] root - INFO -  Shape of ratings data file: (1149780, 3)
[2024-05-10 11:33:38,527] root - INFO -  Shape of books data file: (271360, 8)
[2024-05-10 11:33:39,623] root - INFO -  Shape of the final clean dataset: (59850, 9)
[2024-05-10 11:33:39,961] root - INFO - Saved cleaned data to artifacts\dataset\clean_data
[2024-05-10 11:33:39,977] root - INFO - Saved final_rating serialization object to artifacts\serialized_objects
[2024-05-10 11:33:40,055] root - INFO - ====================Data Validation log completed.==================== 


[2024-05-10 11:33:40,055] root - INFO - ====================Data Transformation log started.==================== 
[2024-05-10 11:33:40,208] root - INFO -  Shape of book pivot table: (742, 888)
[2024-05-10 11:33:40,224] root - INFO - Saved pivot table data to artifacts\dataset\transformed_data
[2024-05-10 11:33:40,224] root - INFO - Saved book_names serialization object to artifacts\serialized_objects
[2024-05-10 11:33:40,240] root - INFO - Saved book_pivot serialization object to artifacts\serialized_objects
[2024-05-10 11:33:40,240] root - INFO - ====================Data Transformation log completed.==================== 


[2024-05-10 11:33:40,240] root - INFO - ====================Model Trainer log started.==================== 
[2024-05-10 11:33:40,264] root - INFO - Saving final model to artifacts\trained_model\model.pkl
[2024-05-10 11:33:40,265] root - INFO - ====================Model Trainer log completed.==================== 


[2024-05-10 11:33:40,265] root - INFO - Recommended successfully!
[2024-05-10 11:33:42,437] root - INFO - Model Recommendation Config: ModelRecommendationConfig(book_name_serialized_objects='artifacts\\serialized_objects\\book_names.pkl', book_pivot_serialized_objects='artifacts\\serialized_objects\\book_pivot.pkl', final_rating_serialized_objects='artifacts\\serialized_objects\\final_rating.pkl', trained_model_path='artifacts\\trained_model\\model.pkl')
[2024-05-10 12:09:05,007] root - INFO - Model Recommendation Config: ModelRecommendationConfig(book_name_serialized_objects='artifacts\\serialized_objects\\book_names.pkl', book_pivot_serialized_objects='artifacts\\serialized_objects\\book_pivot.pkl', final_rating_serialized_objects='artifacts\\serialized_objects\\final_rating.pkl', trained_model_path='artifacts\\trained_model\\model.pkl')
[2024-05-10 12:09:06,726] root - INFO - Model Recommendation Config: ModelRecommendationConfig(book_name_serialized_objects='artifacts\\serialized_objects\\book_names.pkl', book_pivot_serialized_objects='artifacts\\serialized_objects\\book_pivot.pkl', final_rating_serialized_objects='artifacts\\serialized_objects\\final_rating.pkl', trained_model_path='artifacts\\trained_model\\model.pkl')
[2024-05-10 12:09:17,210] root - INFO - Model Recommendation Config: ModelRecommendationConfig(book_name_serialized_objects='artifacts\\serialized_objects\\book_names.pkl', book_pivot_serialized_objects='artifacts\\serialized_objects\\book_pivot.pkl', final_rating_serialized_objects='artifacts\\serialized_objects\\final_rating.pkl', trained_model_path='artifacts\\trained_model\\model.pkl')
[2024-05-10 12:09:17,218] root - INFO - ====================Data Ingestion log started.==================== 
[2024-05-10 12:09:17,218] root - INFO - Data Ingestion Config: DatasetConfig(dataset_download_url='https://github.com/entbappy/Branching-tutorial/raw/master/books_data.zip', raw_data_dir='artifacts\\dataset\\raw_data', ingested_dir='artifacts\\dataset\\ingested_data')
[2024-05-10 12:09:17,218] root - INFO - Data Validation Config: DataValidationConfig(clean_data_dir='artifacts\\dataset\\clean_data', books_csv_file='artifacts\\dataset\\ingested_data\\BX-Books.csv', ratings_csv_file='artifacts\\dataset\\ingested_data\\BX-Book-Ratings.csv', serialized_objects_dir='artifacts\\serialized_objects')
[2024-05-10 12:09:17,218] root - INFO - Data Transformation Config: DataTransformationConfig(clean_data_file_path='artifacts\\dataset\\clean_data\\clean_data.csv', transformed_data_dir='artifacts\\dataset\\transformed_data')
[2024-05-10 12:09:17,218] root - INFO - Data Validation Config: DataValidationConfig(clean_data_dir='artifacts\\dataset\\clean_data', books_csv_file='artifacts\\dataset\\ingested_data\\BX-Books.csv', ratings_csv_file='artifacts\\dataset\\ingested_data\\BX-Book-Ratings.csv', serialized_objects_dir='artifacts\\serialized_objects')
[2024-05-10 12:09:17,219] root - INFO - Model Trainer Config: ModelTrainerConfig(transformed_data_file_dir='artifacts\\dataset\\transformed_data\\transformed_data.pkl', trained_model_dir='artifacts\\trained_model', trained_model_name='model.pkl')
[2024-05-10 12:09:17,220] root - INFO - Downloading data from https://github.com/entbappy/Branching-tutorial/raw/master/books_data.zip into file artifacts\dataset\raw_data\books_data.zip
[2024-05-10 12:09:22,480] root - INFO - Downloaded data from https://github.com/entbappy/Branching-tutorial/raw/master/books_data.zip into file artifacts\dataset\raw_data\books_data.zip
[2024-05-10 12:09:23,016] root - INFO - Extracting zip file: artifacts\dataset\raw_data\books_data.zip into dir: artifacts\dataset\ingested_data
[2024-05-10 12:09:23,016] root - INFO - ====================Data Ingestion log completed.==================== 


[2024-05-10 12:09:23,016] root - INFO - ====================Data Validation log started.==================== 
[2024-05-10 12:09:24,909] root - INFO -  Shape of ratings data file: (1149780, 3)
[2024-05-10 12:09:24,909] root - INFO -  Shape of books data file: (271360, 8)
[2024-05-10 12:09:26,141] root - INFO -  Shape of the final clean dataset: (59850, 9)
[2024-05-10 12:09:26,481] root - INFO - Saved cleaned data to artifacts\dataset\clean_data
[2024-05-10 12:09:26,494] root - INFO - Saved final_rating serialization object to artifacts\serialized_objects
[2024-05-10 12:09:26,581] root - INFO - ====================Data Validation log completed.==================== 


[2024-05-10 12:09:26,581] root - INFO - ====================Data Transformation log started.==================== 
[2024-05-10 12:09:26,742] root - INFO -  Shape of book pivot table: (742, 888)
[2024-05-10 12:09:26,758] root - INFO - Saved pivot table data to artifacts\dataset\transformed_data
[2024-05-10 12:09:26,766] root - INFO - Saved book_names serialization object to artifacts\serialized_objects
[2024-05-10 12:09:26,774] root - INFO - Saved book_pivot serialization object to artifacts\serialized_objects
[2024-05-10 12:09:26,775] root - INFO - ====================Data Transformation log completed.==================== 


[2024-05-10 12:09:26,775] root - INFO - ====================Model Trainer log started.==================== 
[2024-05-10 12:09:26,792] root - INFO - Saving final model to artifacts\trained_model\model.pkl
[2024-05-10 12:09:26,792] root - INFO - ====================Model Trainer log completed.==================== 


[2024-05-10 12:09:26,792] root - INFO - Recommended successfully!
[2024-05-10 12:10:20,310] root - INFO - Model Recommendation Config: ModelRecommendationConfig(book_name_serialized_objects='artifacts\\serialized_objects\\book_names.pkl', book_pivot_serialized_objects='artifacts\\serialized_objects\\book_pivot.pkl', final_rating_serialized_objects='artifacts\\serialized_objects\\final_rating.pkl', trained_model_path='artifacts\\trained_model\\model.pkl')
[2024-05-10 12:10:26,054] root - INFO - Model Recommendation Config: ModelRecommendationConfig(book_name_serialized_objects='artifacts\\serialized_objects\\book_names.pkl', book_pivot_serialized_objects='artifacts\\serialized_objects\\book_pivot.pkl', final_rating_serialized_objects='artifacts\\serialized_objects\\final_rating.pkl', trained_model_path='artifacts\\trained_model\\model.pkl')
[2024-05-10 12:10:54,287] root - INFO - Model Recommendation Config: ModelRecommendationConfig(book_name_serialized_objects='artifacts\\serialized_objects\\book_names.pkl', book_pivot_serialized_objects='artifacts\\serialized_objects\\book_pivot.pkl', final_rating_serialized_objects='artifacts\\serialized_objects\\final_rating.pkl', trained_model_path='artifacts\\trained_model\\model.pkl')
[2024-05-10 12:10:55,033] root - INFO - Model Recommendation Config: ModelRecommendationConfig(book_name_serialized_objects='artifacts\\serialized_objects\\book_names.pkl', book_pivot_serialized_objects='artifacts\\serialized_objects\\book_pivot.pkl', final_rating_serialized_objects='artifacts\\serialized_objects\\final_rating.pkl', trained_model_path='artifacts\\trained_model\\model.pkl')
[2024-05-10 12:13:31,106] root - INFO - Model Recommendation Config: ModelRecommendationConfig(book_name_serialized_objects='artifacts\\serialized_objects\\book_names.pkl', book_pivot_serialized_objects='artifacts\\serialized_objects\\book_pivot.pkl', final_rating_serialized_objects='artifacts\\serialized_objects\\final_rating.pkl', trained_model_path='artifacts\\trained_model\\model.pkl')
[2024-05-10 12:13:32,626] root - INFO - Model Recommendation Config: ModelRecommendationConfig(book_name_serialized_objects='artifacts\\serialized_objects\\book_names.pkl', book_pivot_serialized_objects='artifacts\\serialized_objects\\book_pivot.pkl', final_rating_serialized_objects='artifacts\\serialized_objects\\final_rating.pkl', trained_model_path='artifacts\\trained_model\\model.pkl')
[2024-05-10 12:17:39,476] root - INFO - Model Recommendation Config: ModelRecommendationConfig(book_name_serialized_objects='artifacts\\serialized_objects\\book_names.pkl', book_pivot_serialized_objects='artifacts\\serialized_objects\\book_pivot.pkl', final_rating_serialized_objects='artifacts\\serialized_objects\\final_rating.pkl', trained_model_path='artifacts\\trained_model\\model.pkl')
[2024-05-10 12:17:40,146] root - INFO - Model Recommendation Config: ModelRecommendationConfig(book_name_serialized_objects='artifacts\\serialized_objects\\book_names.pkl', book_pivot_serialized_objects='artifacts\\serialized_objects\\book_pivot.pkl', final_rating_serialized_objects='artifacts\\serialized_objects\\final_rating.pkl', trained_model_path='artifacts\\trained_model\\model.pkl')
[2024-05-10 13:10:07,583] root - INFO - Model Recommendation Config: ModelRecommendationConfig(book_name_serialized_objects='artifacts\\serialized_objects\\book_names.pkl', book_pivot_serialized_objects='artifacts\\serialized_objects\\book_pivot.pkl', final_rating_serialized_objects='artifacts\\serialized_objects\\final_rating.pkl', trained_model_path='artifacts\\trained_model\\model.pkl')
[2024-05-10 13:10:08,266] root - INFO - Model Recommendation Config: ModelRecommendationConfig(book_name_serialized_objects='artifacts\\serialized_objects\\book_names.pkl', book_pivot_serialized_objects='artifacts\\serialized_objects\\book_pivot.pkl', final_rating_serialized_objects='artifacts\\serialized_objects\\final_rating.pkl', trained_model_path='artifacts\\trained_model\\model.pkl')
[2024-05-10 13:10:12,370] root - INFO - Model Recommendation Config: ModelRecommendationConfig(book_name_serialized_objects='artifacts\\serialized_objects\\book_names.pkl', book_pivot_serialized_objects='artifacts\\serialized_objects\\book_pivot.pkl', final_rating_serialized_objects='artifacts\\serialized_objects\\final_rating.pkl', trained_model_path='artifacts\\trained_model\\model.pkl')
[2024-05-10 13:10:13,073] root - INFO - Model Recommendation Config: ModelRecommendationConfig(book_name_serialized_objects='artifacts\\serialized_objects\\book_names.pkl', book_pivot_serialized_objects='artifacts\\serialized_objects\\book_pivot.pkl', final_rating_serialized_objects='artifacts\\serialized_objects\\final_rating.pkl', trained_model_path='artifacts\\trained_model\\model.pkl')
[2024-05-10 13:10:38,420] root - INFO - Model Recommendation Config: ModelRecommendationConfig(book_name_serialized_objects='artifacts\\serialized_objects\\book_names.pkl', book_pivot_serialized_objects='artifacts\\serialized_objects\\book_pivot.pkl', final_rating_serialized_objects='artifacts\\serialized_objects\\final_rating.pkl', trained_model_path='artifacts\\trained_model\\model.pkl')
[2024-05-10 13:10:39,147] root - INFO - Model Recommendation Config: ModelRecommendationConfig(book_name_serialized_objects='artifacts\\serialized_objects\\book_names.pkl', book_pivot_serialized_objects='artifacts\\serialized_objects\\book_pivot.pkl', final_rating_serialized_objects='artifacts\\serialized_objects\\final_rating.pkl', trained_model_path='artifacts\\trained_model\\model.pkl')
[2024-05-10 13:10:51,335] root - INFO - Model Recommendation Config: ModelRecommendationConfig(book_name_serialized_objects='artifacts\\serialized_objects\\book_names.pkl', book_pivot_serialized_objects='artifacts\\serialized_objects\\book_pivot.pkl', final_rating_serialized_objects='artifacts\\serialized_objects\\final_rating.pkl', trained_model_path='artifacts\\trained_model\\model.pkl')
[2024-05-10 13:10:52,246] root - INFO - Model Recommendation Config: ModelRecommendationConfig(book_name_serialized_objects='artifacts\\serialized_objects\\book_names.pkl', book_pivot_serialized_objects='artifacts\\serialized_objects\\book_pivot.pkl', final_rating_serialized_objects='artifacts\\serialized_objects\\final_rating.pkl', trained_model_path='artifacts\\trained_model\\model.pkl')
[2024-05-10 13:11:03,656] root - INFO - Model Recommendation Config: ModelRecommendationConfig(book_name_serialized_objects='artifacts\\serialized_objects\\book_names.pkl', book_pivot_serialized_objects='artifacts\\serialized_objects\\book_pivot.pkl', final_rating_serialized_objects='artifacts\\serialized_objects\\final_rating.pkl', trained_model_path='artifacts\\trained_model\\model.pkl')
[2024-05-10 13:11:04,406] root - INFO - Model Recommendation Config: ModelRecommendationConfig(book_name_serialized_objects='artifacts\\serialized_objects\\book_names.pkl', book_pivot_serialized_objects='artifacts\\serialized_objects\\book_pivot.pkl', final_rating_serialized_objects='artifacts\\serialized_objects\\final_rating.pkl', trained_model_path='artifacts\\trained_model\\model.pkl')
[2024-05-10 13:11:13,285] root - INFO - Model Recommendation Config: ModelRecommendationConfig(book_name_serialized_objects='artifacts\\serialized_objects\\book_names.pkl', book_pivot_serialized_objects='artifacts\\serialized_objects\\book_pivot.pkl', final_rating_serialized_objects='artifacts\\serialized_objects\\final_rating.pkl', trained_model_path='artifacts\\trained_model\\model.pkl')
[2024-05-10 13:11:13,900] root - INFO - Model Recommendation Config: ModelRecommendationConfig(book_name_serialized_objects='artifacts\\serialized_objects\\book_names.pkl', book_pivot_serialized_objects='artifacts\\serialized_objects\\book_pivot.pkl', final_rating_serialized_objects='artifacts\\serialized_objects\\final_rating.pkl', trained_model_path='artifacts\\trained_model\\model.pkl')
[2024-05-10 13:11:22,707] root - INFO - Model Recommendation Config: ModelRecommendationConfig(book_name_serialized_objects='artifacts\\serialized_objects\\book_names.pkl', book_pivot_serialized_objects='artifacts\\serialized_objects\\book_pivot.pkl', final_rating_serialized_objects='artifacts\\serialized_objects\\final_rating.pkl', trained_model_path='artifacts\\trained_model\\model.pkl')
[2024-05-10 13:11:23,541] root - INFO - Model Recommendation Config: ModelRecommendationConfig(book_name_serialized_objects='artifacts\\serialized_objects\\book_names.pkl', book_pivot_serialized_objects='artifacts\\serialized_objects\\book_pivot.pkl', final_rating_serialized_objects='artifacts\\serialized_objects\\final_rating.pkl', trained_model_path='artifacts\\trained_model\\model.pkl')
[2024-05-10 13:28:07,394] root - INFO - Model Recommendation Config: ModelRecommendationConfig(book_name_serialized_objects='artifacts\\serialized_objects\\book_names.pkl', book_pivot_serialized_objects='artifacts\\serialized_objects\\book_pivot.pkl', final_rating_serialized_objects='artifacts\\serialized_objects\\final_rating.pkl', trained_model_path='artifacts\\trained_model\\model.pkl')
[2024-05-10 13:49:02,561] root - INFO - Model Recommendation Config: ModelRecommendationConfig(book_name_serialized_objects='artifacts\\serialized_objects\\book_names.pkl', book_pivot_serialized_objects='artifacts\\serialized_objects\\book_pivot.pkl', final_rating_serialized_objects='artifacts\\serialized_objects\\final_rating.pkl', trained_model_path='artifacts\\trained_model\\model.pkl')
[2024-05-10 13:49:03,099] root - INFO - Model Recommendation Config: ModelRecommendationConfig(book_name_serialized_objects='artifacts\\serialized_objects\\book_names.pkl', book_pivot_serialized_objects='artifacts\\serialized_objects\\book_pivot.pkl', final_rating_serialized_objects='artifacts\\serialized_objects\\final_rating.pkl', trained_model_path='artifacts\\trained_model\\model.pkl')
[2024-05-10 13:49:20,966] root - INFO - Model Recommendation Config: ModelRecommendationConfig(book_name_serialized_objects='artifacts\\serialized_objects\\book_names.pkl', book_pivot_serialized_objects='artifacts\\serialized_objects\\book_pivot.pkl', final_rating_serialized_objects='artifacts\\serialized_objects\\final_rating.pkl', trained_model_path='artifacts\\trained_model\\model.pkl')
[2024-05-10 13:49:23,754] root - INFO - Model Recommendation Config: ModelRecommendationConfig(book_name_serialized_objects='artifacts\\serialized_objects\\book_names.pkl', book_pivot_serialized_objects='artifacts\\serialized_objects\\book_pivot.pkl', final_rating_serialized_objects='artifacts\\serialized_objects\\final_rating.pkl', trained_model_path='artifacts\\trained_model\\model.pkl')
[2024-05-10 13:49:24,503] root - INFO - Model Recommendation Config: ModelRecommendationConfig(book_name_serialized_objects='artifacts\\serialized_objects\\book_names.pkl', book_pivot_serialized_objects='artifacts\\serialized_objects\\book_pivot.pkl', final_rating_serialized_objects='artifacts\\serialized_objects\\final_rating.pkl', trained_model_path='artifacts\\trained_model\\model.pkl')
[2024-05-10 13:49:38,786] root - INFO - Model Recommendation Config: ModelRecommendationConfig(book_name_serialized_objects='artifacts\\serialized_objects\\book_names.pkl', book_pivot_serialized_objects='artifacts\\serialized_objects\\book_pivot.pkl', final_rating_serialized_objects='artifacts\\serialized_objects\\final_rating.pkl', trained_model_path='artifacts\\trained_model\\model.pkl')
[2024-05-10 13:49:43,331] root - INFO - Model Recommendation Config: ModelRecommendationConfig(book_name_serialized_objects='artifacts\\serialized_objects\\book_names.pkl', book_pivot_serialized_objects='artifacts\\serialized_objects\\book_pivot.pkl', final_rating_serialized_objects='artifacts\\serialized_objects\\final_rating.pkl', trained_model_path='artifacts\\trained_model\\model.pkl')
[2024-05-10 13:49:50,867] root - INFO - Model Recommendation Config: ModelRecommendationConfig(book_name_serialized_objects='artifacts\\serialized_objects\\book_names.pkl', book_pivot_serialized_objects='artifacts\\serialized_objects\\book_pivot.pkl', final_rating_serialized_objects='artifacts\\serialized_objects\\final_rating.pkl', trained_model_path='artifacts\\trained_model\\model.pkl')
[2024-05-10 13:49:51,464] root - INFO - Model Recommendation Config: ModelRecommendationConfig(book_name_serialized_objects='artifacts\\serialized_objects\\book_names.pkl', book_pivot_serialized_objects='artifacts\\serialized_objects\\book_pivot.pkl', final_rating_serialized_objects='artifacts\\serialized_objects\\final_rating.pkl', trained_model_path='artifacts\\trained_model\\model.pkl')
[2024-05-10 13:50:17,876] root - INFO - Model Recommendation Config: ModelRecommendationConfig(book_name_serialized_objects='artifacts\\serialized_objects\\book_names.pkl', book_pivot_serialized_objects='artifacts\\serialized_objects\\book_pivot.pkl', final_rating_serialized_objects='artifacts\\serialized_objects\\final_rating.pkl', trained_model_path='artifacts\\trained_model\\model.pkl')
[2024-05-10 13:50:19,024] root - INFO - Model Recommendation Config: ModelRecommendationConfig(book_name_serialized_objects='artifacts\\serialized_objects\\book_names.pkl', book_pivot_serialized_objects='artifacts\\serialized_objects\\book_pivot.pkl', final_rating_serialized_objects='artifacts\\serialized_objects\\final_rating.pkl', trained_model_path='artifacts\\trained_model\\model.pkl')
[2024-05-10 13:51:21,240] root - INFO - Model Recommendation Config: ModelRecommendationConfig(book_name_serialized_objects='artifacts\\serialized_objects\\book_names.pkl', book_pivot_serialized_objects='artifacts\\serialized_objects\\book_pivot.pkl', final_rating_serialized_objects='artifacts\\serialized_objects\\final_rating.pkl', trained_model_path='artifacts\\trained_model\\model.pkl')
[2024-05-10 13:51:21,960] root - INFO - Model Recommendation Config: ModelRecommendationConfig(book_name_serialized_objects='artifacts\\serialized_objects\\book_names.pkl', book_pivot_serialized_objects='artifacts\\serialized_objects\\book_pivot.pkl', final_rating_serialized_objects='artifacts\\serialized_objects\\final_rating.pkl', trained_model_path='artifacts\\trained_model\\model.pkl')
[2024-05-10 13:51:42,801] root - INFO - Model Recommendation Config: ModelRecommendationConfig(book_name_serialized_objects='artifacts\\serialized_objects\\book_names.pkl', book_pivot_serialized_objects='artifacts\\serialized_objects\\book_pivot.pkl', final_rating_serialized_objects='artifacts\\serialized_objects\\final_rating.pkl', trained_model_path='artifacts\\trained_model\\model.pkl')
[2024-05-10 13:51:44,110] root - INFO - Model Recommendation Config: ModelRecommendationConfig(book_name_serialized_objects='artifacts\\serialized_objects\\book_names.pkl', book_pivot_serialized_objects='artifacts\\serialized_objects\\book_pivot.pkl', final_rating_serialized_objects='artifacts\\serialized_objects\\final_rating.pkl', trained_model_path='artifacts\\trained_model\\model.pkl')
[2024-05-10 13:51:52,690] root - INFO - Model Recommendation Config: ModelRecommendationConfig(book_name_serialized_objects='artifacts\\serialized_objects\\book_names.pkl', book_pivot_serialized_objects='artifacts\\serialized_objects\\book_pivot.pkl', final_rating_serialized_objects='artifacts\\serialized_objects\\final_rating.pkl', trained_model_path='artifacts\\trained_model\\model.pkl')
[2024-05-10 13:51:53,436] root - INFO - Model Recommendation Config: ModelRecommendationConfig(book_name_serialized_objects='artifacts\\serialized_objects\\book_names.pkl', book_pivot_serialized_objects='artifacts\\serialized_objects\\book_pivot.pkl', final_rating_serialized_objects='artifacts\\serialized_objects\\final_rating.pkl', trained_model_path='artifacts\\trained_model\\model.pkl')
[2024-05-10 13:52:11,104] root - INFO - Model Recommendation Config: ModelRecommendationConfig(book_name_serialized_objects='artifacts\\serialized_objects\\book_names.pkl', book_pivot_serialized_objects='artifacts\\serialized_objects\\book_pivot.pkl', final_rating_serialized_objects='artifacts\\serialized_objects\\final_rating.pkl', trained_model_path='artifacts\\trained_model\\model.pkl')
[2024-05-10 13:52:11,903] root - INFO - Model Recommendation Config: ModelRecommendationConfig(book_name_serialized_objects='artifacts\\serialized_objects\\book_names.pkl', book_pivot_serialized_objects='artifacts\\serialized_objects\\book_pivot.pkl', final_rating_serialized_objects='artifacts\\serialized_objects\\final_rating.pkl', trained_model_path='artifacts\\trained_model\\model.pkl')
[2024-05-10 13:52:22,890] root - INFO - Model Recommendation Config: ModelRecommendationConfig(book_name_serialized_objects='artifacts\\serialized_objects\\book_names.pkl', book_pivot_serialized_objects='artifacts\\serialized_objects\\book_pivot.pkl', final_rating_serialized_objects='artifacts\\serialized_objects\\final_rating.pkl', trained_model_path='artifacts\\trained_model\\model.pkl')
[2024-05-10 13:52:23,900] root - INFO - Model Recommendation Config: ModelRecommendationConfig(book_name_serialized_objects='artifacts\\serialized_objects\\book_names.pkl', book_pivot_serialized_objects='artifacts\\serialized_objects\\book_pivot.pkl', final_rating_serialized_objects='artifacts\\serialized_objects\\final_rating.pkl', trained_model_path='artifacts\\trained_model\\model.pkl')
[2024-05-10 13:52:46,990] root - INFO - Model Recommendation Config: ModelRecommendationConfig(book_name_serialized_objects='artifacts\\serialized_objects\\book_names.pkl', book_pivot_serialized_objects='artifacts\\serialized_objects\\book_pivot.pkl', final_rating_serialized_objects='artifacts\\serialized_objects\\final_rating.pkl', trained_model_path='artifacts\\trained_model\\model.pkl')
[2024-05-10 13:52:47,874] root - INFO - Model Recommendation Config: ModelRecommendationConfig(book_name_serialized_objects='artifacts\\serialized_objects\\book_names.pkl', book_pivot_serialized_objects='artifacts\\serialized_objects\\book_pivot.pkl', final_rating_serialized_objects='artifacts\\serialized_objects\\final_rating.pkl', trained_model_path='artifacts\\trained_model\\model.pkl')
[2024-05-10 13:52:59,459] root - INFO - Model Recommendation Config: ModelRecommendationConfig(book_name_serialized_objects='artifacts\\serialized_objects\\book_names.pkl', book_pivot_serialized_objects='artifacts\\serialized_objects\\book_pivot.pkl', final_rating_serialized_objects='artifacts\\serialized_objects\\final_rating.pkl', trained_model_path='artifacts\\trained_model\\model.pkl')
[2024-05-10 13:53:00,386] root - INFO - Model Recommendation Config: ModelRecommendationConfig(book_name_serialized_objects='artifacts\\serialized_objects\\book_names.pkl', book_pivot_serialized_objects='artifacts\\serialized_objects\\book_pivot.pkl', final_rating_serialized_objects='artifacts\\serialized_objects\\final_rating.pkl', trained_model_path='artifacts\\trained_model\\model.pkl')
[2024-05-10 13:53:30,152] root - INFO - Model Recommendation Config: ModelRecommendationConfig(book_name_serialized_objects='artifacts\\serialized_objects\\book_names.pkl', book_pivot_serialized_objects='artifacts\\serialized_objects\\book_pivot.pkl', final_rating_serialized_objects='artifacts\\serialized_objects\\final_rating.pkl', trained_model_path='artifacts\\trained_model\\model.pkl')
[2024-05-10 13:53:31,187] root - INFO - Model Recommendation Config: ModelRecommendationConfig(book_name_serialized_objects='artifacts\\serialized_objects\\book_names.pkl', book_pivot_serialized_objects='artifacts\\serialized_objects\\book_pivot.pkl', final_rating_serialized_objects='artifacts\\serialized_objects\\final_rating.pkl', trained_model_path='artifacts\\trained_model\\model.pkl')
[2024-05-10 13:53:42,767] root - INFO - Model Recommendation Config: ModelRecommendationConfig(book_name_serialized_objects='artifacts\\serialized_objects\\book_names.pkl', book_pivot_serialized_objects='artifacts\\serialized_objects\\book_pivot.pkl', final_rating_serialized_objects='artifacts\\serialized_objects\\final_rating.pkl', trained_model_path='artifacts\\trained_model\\model.pkl')
[2024-05-10 13:53:43,732] root - INFO - Model Recommendation Config: ModelRecommendationConfig(book_name_serialized_objects='artifacts\\serialized_objects\\book_names.pkl', book_pivot_serialized_objects='artifacts\\serialized_objects\\book_pivot.pkl', final_rating_serialized_objects='artifacts\\serialized_objects\\final_rating.pkl', trained_model_path='artifacts\\trained_model\\model.pkl')
[2024-05-10 13:53:54,128] root - INFO - Model Recommendation Config: ModelRecommendationConfig(book_name_serialized_objects='artifacts\\serialized_objects\\book_names.pkl', book_pivot_serialized_objects='artifacts\\serialized_objects\\book_pivot.pkl', final_rating_serialized_objects='artifacts\\serialized_objects\\final_rating.pkl', trained_model_path='artifacts\\trained_model\\model.pkl')
[2024-05-10 13:53:54,775] root - INFO - Model Recommendation Config: ModelRecommendationConfig(book_name_serialized_objects='artifacts\\serialized_objects\\book_names.pkl', book_pivot_serialized_objects='artifacts\\serialized_objects\\book_pivot.pkl', final_rating_serialized_objects='artifacts\\serialized_objects\\final_rating.pkl', trained_model_path='artifacts\\trained_model\\model.pkl')
[2024-05-10 13:54:24,776] root - INFO - Model Recommendation Config: ModelRecommendationConfig(book_name_serialized_objects='artifacts\\serialized_objects\\book_names.pkl', book_pivot_serialized_objects='artifacts\\serialized_objects\\book_pivot.pkl', final_rating_serialized_objects='artifacts\\serialized_objects\\final_rating.pkl', trained_model_path='artifacts\\trained_model\\model.pkl')
[2024-05-10 13:54:25,504] root - INFO - Model Recommendation Config: ModelRecommendationConfig(book_name_serialized_objects='artifacts\\serialized_objects\\book_names.pkl', book_pivot_serialized_objects='artifacts\\serialized_objects\\book_pivot.pkl', final_rating_serialized_objects='artifacts\\serialized_objects\\final_rating.pkl', trained_model_path='artifacts\\trained_model\\model.pkl')
